<?xml version="1.0" encoding="UTF-8"?>
<!-- Generated by org.testng.reporters.JUnitReportReporter -->
<testsuite hostname="LAPTOP-0IL88A5E" failures="0" tests="1" name="Academy.WindowHandles" time="13.925" errors="0" timestamp="2022-03-01T19:54:25 IST" skipped="0">
  <testcase classname="Academy.WindowHandles" name="verifyWindowHandles" time="13.925"/>
  <system-out/>
</testsuite> <!-- Academy.WindowHandles -->
