<?xml version="1.0" encoding="UTF-8"?>
<!-- Generated by org.testng.reporters.JUnitReportReporter -->
<testsuite hostname="LAPTOP-0IL88A5E" failures="0" tests="1" name="Academy.FluentWaitTest" time="10.930" errors="0" timestamp="26 Feb 2022 10:07:50 GMT" skipped="0">
  <testcase classname="Academy.FluentWaitTest" name="validateFluentWait" time="10.930"/>
</testsuite> <!-- Academy.FluentWaitTest -->
