<?xml version="1.0" encoding="UTF-8"?>
<!-- Generated by org.testng.reporters.JUnitReportReporter -->
<testsuite hostname="LAPTOP-0IL88A5E" failures="0" tests="1" name="Academy.AdvancedFeatures" time="6.182" errors="0" timestamp="2022-03-03T14:25:25 IST" skipped="0">
  <testcase classname="Academy.AdvancedFeatures" name="BasicAuthentication" time="6.182"/>
  <system-out/>
</testsuite> <!-- Academy.AdvancedFeatures -->
