<?xml version="1.0" encoding="UTF-8"?>
<!-- Generated by org.testng.reporters.JUnitReportReporter -->
<testsuite hostname="LAPTOP-0IL88A5E" failures="0" tests="1" name="Academy.WindowHandlingPopup" time="10.286" errors="0" timestamp="2022-03-03T19:43:44 IST" skipped="0">
  <testcase classname="Academy.WindowHandlingPopup" name="verifyWindowHandles" time="10.286"/>
  <system-out/>
</testsuite> <!-- Academy.WindowHandlingPopup -->
