<?xml version="1.0" encoding="UTF-8"?>
<!-- Generated by org.testng.reporters.JUnitReportReporter -->
<testsuite hostname="LAPTOP-0IL88A5E" failures="0" tests="2" name="Academy.validateTitle" time="0.208" errors="0" timestamp="2022-03-01T15:35:13 IST" skipped="0">
  <testcase classname="Academy.validateTitle" name="validateAppTitle" time="0.109"/>
  <system-out/>
  <testcase classname="Academy.validateTitle" name="validateHeader" time="0.099"/>
  <system-out/>
</testsuite> <!-- Academy.validateTitle -->
