<?xml version="1.0" encoding="UTF-8"?>
<!-- Generated by org.testng.reporters.JUnitReportReporter -->
<testsuite hostname="LAPTOP-0IL88A5E" failures="0" tests="1" name="Academy.ScrollandGridsDeleteCookies" time="8.102" errors="0" timestamp="27 Feb 2022 10:27:42 GMT" skipped="0">
  <testcase classname="Academy.ScrollandGridsDeleteCookies" name="verifyScrolling" time="8.102"/>
</testsuite> <!-- Academy.ScrollandGridsDeleteCookies -->
