<?xml version="1.0" encoding="UTF-8"?>
<!-- Generated by org.testng.reporters.JUnitReportReporter -->
<testsuite hostname="LAPTOP-0IL88A5E" failures="0" tests="1" name="Academy.Alerts" time="9.100" errors="0" timestamp="17 Feb 2022 09:28:18 GMT" skipped="0">
  <testcase classname="Academy.Alerts" name="validateJavaAlerts" time="9.100"/>
</testsuite> <!-- Academy.Alerts -->
