<?xml version="1.0" encoding="UTF-8"?>
<!-- Generated by org.testng.reporters.JUnitReportReporter -->
<testsuite hostname="LAPTOP-0IL88A5E" failures="0" tests="1" name="Academy.Scopes" time="34.146" errors="0" timestamp="26 Feb 2022 15:51:00 GMT" skipped="0">
  <testcase classname="Academy.Scopes" name="validateLocators" time="34.146"/>
</testsuite> <!-- Academy.Scopes -->
