<?xml version="1.0" encoding="UTF-8"?>
<!-- Generated by org.testng.reporters.JUnitReportReporter -->
<testsuite hostname="LAPTOP-0IL88A5E" failures="0" tests="2" name="Academy.ActionsFramesTest" time="39.139" errors="0" timestamp="26 Feb 2022 10:57:32 GMT" skipped="0">
  <testcase classname="Academy.ActionsFramesTest" name="framesVerify" time="9.635"/>
  <testcase classname="Academy.ActionsFramesTest" name="actionsVerify" time="29.504"/>
</testsuite> <!-- Academy.ActionsFramesTest -->
