<?xml version="1.0" encoding="UTF-8"?>
<!-- Generated by org.testng.reporters.JUnitReportReporter -->
<testsuite hostname="LAPTOP-0IL88A5E" failures="0" tests="1" name="Academy.Locators" time="18.517" errors="0" timestamp="2022-03-01T15:35:13 IST" skipped="0">
  <testcase classname="Academy.Locators" name="validateLocators" time="18.517"/>
  <system-out/>
</testsuite> <!-- Academy.Locators -->
