<?xml version="1.0" encoding="UTF-8"?>
<!-- Generated by org.testng.reporters.JUnitReportReporter -->
<testsuite hostname="LAPTOP-0IL88A5E" failures="0" tests="1" name="Academy.ScrollandGrids" time="16.205" errors="0" timestamp="27 Feb 2022 10:25:28 GMT" skipped="0">
  <testcase classname="Academy.ScrollandGrids" name="verifyScrolling" time="16.205"/>
</testsuite> <!-- Academy.ScrollandGrids -->
