<?xml version="1.0" encoding="UTF-8"?>
<!-- Generated by org.testng.reporters.JUnitReportReporter -->
<testsuite hostname="LAPTOP-0IL88A5E" failures="0" tests="2" name="Academy.ProjectCreation" time="48.089" errors="0" timestamp="13 Feb 2022 16:56:02 GMT" skipped="0">
  <testcase classname="Academy.ProjectCreation" name="loginToTheApplication" time="21.935"/>
  <testcase classname="Academy.ProjectCreation" name="navigateToCreateProjectPage" time="26.154"/>
</testsuite> <!-- Academy.ProjectCreation -->
