<?xml version="1.0" encoding="UTF-8"?>
<!-- Generated by org.testng.reporters.JUnitReportReporter -->
<testsuite hostname="LAPTOP-0IL88A5E" failures="0" tests="1" name="Academy.ControlsDropDowns" time="7.405" errors="0" timestamp="2022-03-01T15:35:13 IST" skipped="0">
  <testcase classname="Academy.ControlsDropDowns" name="autoSuggestiveDropDown" time="7.405"/>
  <system-out/>
</testsuite> <!-- Academy.ControlsDropDowns -->
