<?xml version="1.0" encoding="UTF-8"?>
<!-- Generated by org.testng.reporters.JUnitReportReporter -->
<testsuite hostname="LAPTOP-0IL88A5E" failures="0" tests="2" name="Academy.Selenium4" time="9.127" errors="0" timestamp="28 Feb 2022 07:19:28 GMT" skipped="0">
  <testcase classname="Academy.Selenium4" name="relativeLocators" time="1.264"/>
  <testcase classname="Academy.Selenium4" name="verifyOpeningNewWindow" time="7.863"/>
</testsuite> <!-- Academy.Selenium4 -->
