<?xml version="1.0" encoding="UTF-8"?>
<!-- Generated by org.testng.reporters.JUnitReportReporter -->
<testsuite hostname="LAPTOP-0IL88A5E" failures="0" tests="2" name="Academy.ApplicationLogin" time="22.697" errors="0" timestamp="11 Feb 2022 14:21:23 GMT" skipped="0">
  <testcase classname="Academy.ApplicationLogin" name="loginToTheApplication" time="11.998"/>
  <testcase classname="Academy.ApplicationLogin" name="navigateToCreateProjectPage" time="10.699"/>
</testsuite> <!-- Academy.ApplicationLogin -->
