<?xml version="1.0" encoding="UTF-8"?>
<!-- Generated by org.testng.reporters.JUnitReportReporter -->
<testsuite hostname="LAPTOP-0IL88A5E" failures="0" tests="1" name="Academy.Locators2" time="7.788" errors="0" timestamp="2022-03-01T15:05:06 IST" skipped="0">
  <testcase classname="Academy.Locators2" name="validateLocators" time="7.788"/>
  <system-out/>
</testsuite> <!-- Academy.Locators2 -->
