<?xml version="1.0" encoding="UTF-8"?>
<!-- Generated by org.testng.reporters.JUnitReportReporter -->
<testsuite hostname="LAPTOP-0IL88A5E" failures="0" tests="1" name="Academy.JavaStreams" time="3.039" errors="0" timestamp="2022-03-01T19:54:25 IST" skipped="0">
  <testcase classname="Academy.JavaStreams" name="verifyStreams" time="3.039"/>
  <system-out/>
</testsuite> <!-- Academy.JavaStreams -->
