<?xml version="1.0" encoding="UTF-8"?>
<!-- Generated by org.testng.reporters.JUnitReportReporter -->
<testsuite hostname="LAPTOP-0IL88A5E" failures="0" tests="1" name="Academy.ActionsTest" time="9.283" errors="0" timestamp="26 Feb 2022 07:13:35 GMT" skipped="0">
  <testcase classname="Academy.ActionsTest" name="actionsVerify" time="9.283"/>
</testsuite> <!-- Academy.ActionsTest -->
