<?xml version="1.0" encoding="UTF-8"?>
<!-- Generated by org.testng.reporters.JUnitReportReporter -->
<testsuite hostname="LAPTOP-0IL88A5E" failures="0" tests="2" name="Academy.HomePage" time="19.228" errors="0" timestamp="2022-03-01T15:35:13 IST" skipped="0">
  <testcase classname="Academy.HomePage" name="basePageNavigation" time="4.233"/>
  <system-out/>
  <testcase classname="Academy.HomePage" name="basePageNavigation" time="14.995"/>
  <system-out/>
</testsuite> <!-- Academy.HomePage -->
