<?xml version="1.0" encoding="UTF-8"?>
<!-- Generated by org.testng.reporters.JUnitReportReporter -->
<testsuite hostname="LAPTOP-0IL88A5E" failures="0" tests="1" name="Academy.validateNavigationBar" time="0.066" errors="0" timestamp="06 Feb 2022 14:58:34 GMT" skipped="0">
  <testcase classname="Academy.validateNavigationBar" name="validateAppNavBar" time="0.066"/>
</testsuite> <!-- Academy.validateNavigationBar -->
