<?xml version="1.0" encoding="UTF-8"?>
<!-- Generated by org.testng.reporters.JUnitReportReporter -->
<testsuite hostname="LAPTOP-0IL88A5E" failures="0" tests="2" name="Academy.HomePage" time="9.272" errors="0" timestamp="06 Feb 2022 14:58:34 GMT" skipped="0">
  <testcase classname="Academy.HomePage" name="basePageNavigation" time="1.635"/>
  <testcase classname="Academy.HomePage" name="basePageNavigation" time="7.637"/>
</testsuite> <!-- Academy.HomePage -->
